[INFO] com.server.Database: [ Mon Jun 12 15:45:45 CEST 2023 ] Administrator zedytował dane klienta o ID: 74.
[INFO] com.server.Database: [ Mon Jun 12 15:45:45 CEST 2023 ] Administrator zedytował dane klienta o ID: 74.
[INFO] database: [ Mon Jun 12 15:45:45 CEST 2023 ] Administrator zedytował dane wycieczki o ID: 19.
[INFO] database: [ Mon Jun 12 15:45:46 CEST 2023 ] Administrator zedytował dane wycieczki o ID: 19.
[INFO] database: [ Mon Jun 12 15:45:46 CEST 2023 ] Administrator dodał wycieczkę do : Gruzja.
[INFO] database: [ Mon Jun 12 15:45:46 CEST 2023 ] Administrator usunął wycieczkę o ID: 58.
[INFO] database: [ Mon Jun 12 15:45:46 CEST 2023 ] Klient o e-mailu: jan@wp.pl zalogował się.
[INFO] database: [ Mon Jun 12 15:45:46 CEST 2023 ] Klient o e-mailu: jan@wp.pl wylogował się.
[INFO] database: [ Mon Jun 12 15:45:46 CEST 2023 ] Administrator dodał klienta o emailu: jacek@wp.pl.
[INFO] database: [ Mon Jun 12 15:45:46 CEST 2023 ] Administrator usunął klienta o ID: 124.
[INFO] database: [ Mon Jun 12 15:45:46 CEST 2023 ] Klient o e-mailu: jan@wp.pl wylogował się.
[INFO] database: [ Mon Jun 12 15:45:46 CEST 2023 ] Wylogowano wszystkich z serwera.
[INFO] database: [ Mon Jun 12 15:45:47 CEST 2023 ] Administrator dodał rezerwację wycieczki o ID: 19.
[INFO] database: [ Mon Jun 12 15:45:47 CEST 2023 ] Administrator usunął rezerwację o ID: 76.
[INFO] ServerGUI: [ Mon Jun 12 15:47:00 CEST 2023 ] Serwer został uruchomiony.
[INFO] ServerGUI: [ Mon Jun 12 15:47:15 CEST 2023 ] Nowy wątek o nazwie Thread-0 został utworzony.
[INFO] database: [ Mon Jun 12 15:47:16 CEST 2023 ] Administrator o e-mailu: admin@wp.pl zalogował się.
[INFO] ServerGUI: [ Mon Jun 12 15:47:16 CEST 2023 ] Nowy wątek o nazwie Thread-2 został utworzony.
[INFO] ServerGUI: [ Mon Jun 12 15:47:17 CEST 2023 ] Nowy wątek o nazwie Thread-3 został utworzony.
[INFO] ServerGUI: [ Mon Jun 12 15:47:18 CEST 2023 ] Nowy wątek o nazwie Thread-4 został utworzony.
[INFO] ServerGUI: [ Mon Jun 12 15:47:19 CEST 2023 ] Nowy wątek o nazwie Thread-5 został utworzony.
[INFO] ServerGUI: [ Mon Jun 12 15:47:19 CEST 2023 ] Nowy wątek o nazwie Thread-6 został utworzony.
[INFO] ServerGUI: [ Mon Jun 12 15:47:21 CEST 2023 ] Nowy wątek o nazwie Thread-7 został utworzony.
[INFO] ServerGUI: [ Mon Jun 12 15:47:21 CEST 2023 ] Nowy wątek o nazwie Thread-8 został utworzony.
[INFO] ServerGUI: [ Mon Jun 12 15:47:22 CEST 2023 ] Nowy wątek o nazwie Thread-9 został utworzony.
[INFO] database: [ Mon Jun 12 15:47:22 CEST 2023 ] Administrator o e-mailu: admin@wp.pl wylogował się.
[INFO] ServerGUI: [ Mon Jun 12 15:47:29 CEST 2023 ] Nowy wątek o nazwie Thread-10 został utworzony.
[INFO] database: [ Mon Jun 12 15:47:29 CEST 2023 ] Klient o e-mailu: julia@interia.pl zalogował się.
[INFO] ServerGUI: [ Mon Jun 12 15:47:29 CEST 2023 ] Nowy wątek o nazwie Thread-11 został utworzony.
[INFO] ServerGUI: [ Mon Jun 12 15:47:29 CEST 2023 ] Nowy wątek o nazwie Thread-12 został utworzony.
[INFO] ServerGUI: [ Mon Jun 12 15:47:29 CEST 2023 ] Nowy wątek o nazwie Thread-13 został utworzony.
[INFO] ServerGUI: [ Mon Jun 12 15:47:37 CEST 2023 ] Nowy wątek o nazwie Thread-14 został utworzony.
[INFO] ServerGUI: [ Mon Jun 12 15:47:38 CEST 2023 ] Nowy wątek o nazwie Thread-15 został utworzony.
[INFO] ServerGUI: [ Mon Jun 12 15:47:38 CEST 2023 ] Nowy wątek o nazwie Thread-16 został utworzony.
[INFO] ServerGUI: [ Mon Jun 12 15:47:40 CEST 2023 ] Nowy wątek o nazwie Thread-17 został utworzony.
[INFO] ServerGUI: [ Mon Jun 12 15:47:44 CEST 2023 ] Nowy wątek o nazwie Thread-18 został utworzony.
[INFO] ServerGUI: [ Mon Jun 12 15:47:44 CEST 2023 ] Nowy wątek o nazwie Thread-19 został utworzony.
[INFO] ServerGUI: [ Mon Jun 12 15:47:44 CEST 2023 ] Nowy wątek o nazwie Thread-20 został utworzony.
[INFO] ServerGUI: [ Mon Jun 12 15:48:43 CEST 2023 ] Nowy wątek o nazwie Thread-21 został utworzony.
[INFO] ServerGUI: [ Mon Jun 12 15:48:43 CEST 2023 ] Nowy wątek o nazwie Thread-22 został utworzony.
[INFO] ServerGUI: [ Mon Jun 12 15:48:43 CEST 2023 ] Nowy wątek o nazwie Thread-23 został utworzony.
[INFO] ServerGUI: [ Mon Jun 12 15:50:16 CEST 2023 ] Nowy wątek o nazwie Thread-24 został utworzony.
[INFO] database: [ Mon Jun 12 15:50:16 CEST 2023 ] Nieudana próba logowania na konto użytkownika o e-mailu: julia@interia.pl.
[INFO] ServerGUI: [ Mon Jun 12 15:50:40 CEST 2023 ] Nowy wątek o nazwie Thread-25 został utworzony.
[INFO] database: [ Mon Jun 12 15:50:40 CEST 2023 ] Klient o e-mailu: julia@interia.pl zalogował się.
[INFO] ServerGUI: [ Mon Jun 12 15:50:40 CEST 2023 ] Nowy wątek o nazwie Thread-26 został utworzony.
[INFO] ServerGUI: [ Mon Jun 12 15:50:40 CEST 2023 ] Nowy wątek o nazwie Thread-27 został utworzony.
[INFO] ServerGUI: [ Mon Jun 12 15:50:40 CEST 2023 ] Nowy wątek o nazwie Thread-28 został utworzony.
[INFO] ServerGUI: [ Mon Jun 12 15:50:50 CEST 2023 ] Nowy wątek o nazwie Thread-29 został utworzony.
[INFO] ServerGUI: [ Mon Jun 12 15:50:50 CEST 2023 ] Nowy wątek o nazwie Thread-30 został utworzony.
[INFO] ServerGUI: [ Mon Jun 12 15:50:50 CEST 2023 ] Nowy wątek o nazwie Thread-31 został utworzony.
[INFO] ServerGUI: [ Mon Jun 12 15:51:48 CEST 2023 ] Nowy wątek o nazwie Thread-32 został utworzony.
[INFO] database: [ Mon Jun 12 15:51:48 CEST 2023 ] Nieudana próba logowania na konto użytkownika o e-mailu: julia@interia.pl.
[INFO] ServerGUI: [ Mon Jun 12 15:51:53 CEST 2023 ] Nowy wątek o nazwie Thread-33 został utworzony.
[INFO] database: [ Mon Jun 12 15:51:53 CEST 2023 ] Nieudana próba logowania na konto użytkownika o e-mailu: julia@interia.pl.
[INFO] ServerGUI: [ Mon Jun 12 15:52:04 CEST 2023 ] Nowy wątek o nazwie Thread-34 został utworzony.
[INFO] database: [ Mon Jun 12 15:52:04 CEST 2023 ] Klient o e-mailu: julia@interia.pl zalogował się.
[INFO] ServerGUI: [ Mon Jun 12 15:52:05 CEST 2023 ] Nowy wątek o nazwie Thread-35 został utworzony.
[INFO] ServerGUI: [ Mon Jun 12 15:52:05 CEST 2023 ] Nowy wątek o nazwie Thread-36 został utworzony.
[INFO] ServerGUI: [ Mon Jun 12 15:52:05 CEST 2023 ] Nowy wątek o nazwie Thread-37 został utworzony.
[INFO] ServerGUI: [ Mon Jun 12 15:52:08 CEST 2023 ] Nowy wątek o nazwie Thread-38 został utworzony.
[INFO] ServerGUI: [ Mon Jun 12 15:52:08 CEST 2023 ] Nowy wątek o nazwie Thread-39 został utworzony.
[INFO] ServerGUI: [ Mon Jun 12 15:52:08 CEST 2023 ] Nowy wątek o nazwie Thread-40 został utworzony.
[INFO] ServerGUI: [ Mon Jun 12 15:52:12 CEST 2023 ] Nowy wątek o nazwie Thread-41 został utworzony.
[INFO] ServerGUI: [ Mon Jun 12 15:52:12 CEST 2023 ] Nowy wątek o nazwie Thread-42 został utworzony.
[INFO] ServerGUI: [ Mon Jun 12 15:52:12 CEST 2023 ] Nowy wątek o nazwie Thread-43 został utworzony.
[INFO] ServerGUI: [ Mon Jun 12 15:52:14 CEST 2023 ] Nowy wątek o nazwie Thread-44 został utworzony.
[INFO] database: [ Mon Jun 12 15:52:14 CEST 2023 ] Klient o e-mailu: julia@interia.pl wylogował się.
[INFO] ServerGUI: [ Mon Jun 12 15:58:15 CEST 2023 ] Serwer został uruchomiony.
[INFO] ServerGUI: [ Mon Jun 12 15:58:47 CEST 2023 ] Nowy wątek o nazwie Thread-0 został utworzony.
[INFO] database: [ Mon Jun 12 15:58:48 CEST 2023 ] Administrator o e-mailu: admin@wp.pl zalogował się.
[INFO] ServerGUI: [ Mon Jun 12 15:58:48 CEST 2023 ] Nowy wątek o nazwie Thread-2 został utworzony.
[INFO] ServerGUI: [ Mon Jun 12 15:58:49 CEST 2023 ] Nowy wątek o nazwie Thread-3 został utworzony.
[INFO] ServerGUI: [ Mon Jun 12 15:58:50 CEST 2023 ] Nowy wątek o nazwie Thread-4 został utworzony.
[INFO] ServerGUI: [ Mon Jun 12 15:58:52 CEST 2023 ] Nowy wątek o nazwie Thread-5 został utworzony.
[INFO] ServerGUI: [ Mon Jun 12 15:58:53 CEST 2023 ] Nowy wątek o nazwie Thread-6 został utworzony.
[INFO] ServerGUI: [ Mon Jun 12 15:58:54 CEST 2023 ] Nowy wątek o nazwie Thread-7 został utworzony.
[INFO] ServerGUI: [ Mon Jun 12 15:59:00 CEST 2023 ] Nowy wątek o nazwie Thread-8 został utworzony.
[INFO] database: [ Mon Jun 12 15:59:00 CEST 2023 ] Administrator o e-mailu: admin@wp.pl wylogował się.
[INFO] ServerGUI: [ Mon Jun 12 15:59:19 CEST 2023 ] Nowy wątek o nazwie Thread-9 został utworzony.
[INFO] database: [ Mon Jun 12 15:59:20 CEST 2023 ] Klient o e-mailu: julia@interia.pl zalogował się.
[INFO] ServerGUI: [ Mon Jun 12 15:59:20 CEST 2023 ] Nowy wątek o nazwie Thread-10 został utworzony.
[INFO] ServerGUI: [ Mon Jun 12 15:59:20 CEST 2023 ] Nowy wątek o nazwie Thread-11 został utworzony.
[INFO] ServerGUI: [ Mon Jun 12 15:59:20 CEST 2023 ] Nowy wątek o nazwie Thread-12 został utworzony.
[INFO] ServerGUI: [ Mon Jun 12 15:59:25 CEST 2023 ] Nowy wątek o nazwie Thread-13 został utworzony.
[INFO] ServerGUI: [ Mon Jun 12 15:59:25 CEST 2023 ] Nowy wątek o nazwie Thread-14 został utworzony.
[INFO] ServerGUI: [ Mon Jun 12 15:59:25 CEST 2023 ] Nowy wątek o nazwie Thread-15 został utworzony.
[INFO] ServerGUI: [ Mon Jun 12 15:59:30 CEST 2023 ] Nowy wątek o nazwie Thread-16 został utworzony.
[INFO] ServerGUI: [ Mon Jun 12 15:59:43 CEST 2023 ] Nowy wątek o nazwie Thread-17 został utworzony.
[INFO] com.server.Database: [ Mon Jun 12 15:59:43 CEST 2023 ] Klient o ID: 1 zedytował swoje dane.
[INFO] ServerGUI: [ Mon Jun 12 15:59:43 CEST 2023 ] Nowy wątek o nazwie Thread-18 został utworzony.
[INFO] ServerGUI: [ Mon Jun 12 15:59:47 CEST 2023 ] Nowy wątek o nazwie Thread-19 został utworzony.
[INFO] com.server.Database: [ Mon Jun 12 15:59:47 CEST 2023 ] Klient o ID: 1 zedytował swoje dane.
[INFO] ServerGUI: [ Mon Jun 12 15:59:47 CEST 2023 ] Nowy wątek o nazwie Thread-20 został utworzony.
[INFO] ServerGUI: [ Mon Jun 12 15:59:52 CEST 2023 ] Nowy wątek o nazwie Thread-21 został utworzony.
[INFO] database: [ Mon Jun 12 15:59:52 CEST 2023 ] Klient o e-mailu: julia@interia.pl wylogował się.
[INFO] database: [ Mon Jun 12 16:01:22 CEST 2023 ] Wylogowano wszystkich z serwera.
[INFO] database: [ Mon Jun 12 16:01:22 CEST 2023 ] Wylogowano wszystkich z serwera.
[INFO] ServerGUI: [ Mon Jun 12 16:14:08 CEST 2023 ] Serwer został uruchomiony.
[INFO] ServerGUI: [ Mon Jun 12 16:14:27 CEST 2023 ] Nowy wątek o nazwie Thread-0 został utworzony.
[INFO] database: [ Mon Jun 12 16:14:29 CEST 2023 ] Klient o e-mailu: julia@interia.pl zalogował się.
[INFO] ServerGUI: [ Mon Jun 12 16:14:29 CEST 2023 ] Nowy wątek o nazwie Thread-2 został utworzony.
[INFO] ServerGUI: [ Mon Jun 12 16:14:29 CEST 2023 ] Nowy wątek o nazwie Thread-3 został utworzony.
[INFO] ServerGUI: [ Mon Jun 12 16:14:30 CEST 2023 ] Nowy wątek o nazwie Thread-4 został utworzony.
[INFO] ServerGUI: [ Mon Jun 12 16:14:33 CEST 2023 ] Nowy wątek o nazwie Thread-5 został utworzony.
[INFO] database: [ Mon Jun 12 16:14:33 CEST 2023 ] Klient o e-mailu: julia@interia.pl wylogował się.
[INFO] database: [ Mon Jun 12 16:14:35 CEST 2023 ] Wylogowano wszystkich z serwera.
[INFO] database: [ Mon Jun 12 16:14:35 CEST 2023 ] Wylogowano wszystkich z serwera.
[INFO] ServerGUI: [ Tue Jul 04 13:44:42 CEST 2023 ] Serwer został uruchomiony.
[INFO] ServerGUI: [ Tue Jul 04 13:45:01 CEST 2023 ] Nowy wątek o nazwie Thread-0 został utworzony.
[INFO] database: [ Tue Jul 04 13:45:03 CEST 2023 ] Klient o e-mailu: julia@interia.pl zalogował się.
[INFO] ServerGUI: [ Tue Jul 04 13:45:03 CEST 2023 ] Nowy wątek o nazwie Thread-2 został utworzony.
[INFO] ServerGUI: [ Tue Jul 04 13:45:04 CEST 2023 ] Nowy wątek o nazwie Thread-3 został utworzony.
[INFO] ServerGUI: [ Tue Jul 04 13:45:04 CEST 2023 ] Nowy wątek o nazwie Thread-4 został utworzony.
[INFO] ServerGUI: [ Tue Jul 04 13:45:07 CEST 2023 ] Nowy wątek o nazwie Thread-5 został utworzony.
[INFO] ServerGUI: [ Tue Jul 04 13:45:10 CEST 2023 ] Nowy wątek o nazwie Thread-6 został utworzony.
[INFO] database: [ Tue Jul 04 13:45:11 CEST 2023 ] Klient o e-mailu: julia@interia.pl wylogował się.
[INFO] database: [ Tue Jul 04 13:54:46 CEST 2023 ] Wylogowano wszystkich z serwera.
[INFO] database: [ Tue Jul 04 13:54:46 CEST 2023 ] Wylogowano wszystkich z serwera.
[INFO] ServerGUI: [ Sat Jul 08 13:46:24 CEST 2023 ] Serwer został uruchomiony.
[INFO] ServerGUI: [ Sat Jul 08 13:46:28 CEST 2023 ] Serwer został uruchomiony.
[FATAL] ServerGUI: [ Sat Jul 08 13:46:28 CEST 2023 ] Address already in use: bind
[INFO] ServerGUI: [ Sat Jul 08 13:46:41 CEST 2023 ] Nowy wątek o nazwie Thread-0 został utworzony.
[INFO] database: [ Sat Jul 08 13:46:42 CEST 2023 ] Klient o e-mailu: julia@interia.pl zalogował się.
[INFO] ServerGUI: [ Sat Jul 08 13:46:42 CEST 2023 ] Nowy wątek o nazwie Thread-2 został utworzony.
[INFO] ServerGUI: [ Sat Jul 08 13:46:43 CEST 2023 ] Nowy wątek o nazwie Thread-3 został utworzony.
[INFO] ServerGUI: [ Sat Jul 08 13:46:43 CEST 2023 ] Nowy wątek o nazwie Thread-4 został utworzony.
[INFO] ServerGUI: [ Sat Jul 08 13:46:46 CEST 2023 ] Nowy wątek o nazwie Thread-5 został utworzony.
[INFO] database: [ Sat Jul 08 13:46:46 CEST 2023 ] Klient o e-mailu: julia@interia.pl wylogował się.
[INFO] database: [ Sat Jul 08 13:46:50 CEST 2023 ] Wylogowano wszystkich z serwera.
[INFO] database: [ Sat Jul 08 13:46:50 CEST 2023 ] Wylogowano wszystkich z serwera.
[INFO] database: [ Sat Jul 08 13:46:52 CEST 2023 ] Wylogowano wszystkich z serwera.
[INFO] database: [ Sat Jul 08 13:46:52 CEST 2023 ] Wylogowano wszystkich z serwera.
[INFO] ServerGUI: [ Sat Jul 08 13:46:58 CEST 2023 ] Serwer został uruchomiony.
[INFO] database: [ Sat Jul 08 13:47:02 CEST 2023 ] Wylogowano wszystkich z serwera.
[INFO] database: [ Sat Jul 08 13:47:02 CEST 2023 ] Wylogowano wszystkich z serwera.
[INFO] ServerGUI: [ Sat Jul 08 15:49:32 CEST 2023 ] Serwer został uruchomiony.
[INFO] ServerGUI: [ Sat Jul 08 15:50:21 CEST 2023 ] Serwer został uruchomiony.
[INFO] ServerGUI: [ Sat Jul 08 15:53:11 CEST 2023 ] Serwer został uruchomiony.
[INFO] database: [ Sat Jul 08 15:53:20 CEST 2023 ] Wylogowano wszystkich z serwera.
[INFO] database: [ Sat Jul 08 15:53:20 CEST 2023 ] Wylogowano wszystkich z serwera.
[INFO] ServerGUI: [ Mon Jul 17 16:56:13 CEST 2023 ] Serwer został uruchomiony.
[INFO] database: [ Mon Jul 17 16:56:16 CEST 2023 ] Wylogowano wszystkich z serwera.
[INFO] database: [ Mon Jul 17 16:56:16 CEST 2023 ] Wylogowano wszystkich z serwera.
[INFO] ServerGUI: [ Mon Jul 17 16:56:19 CEST 2023 ] Serwer został uruchomiony.
[INFO] ServerGUI: [ Mon Jul 17 16:56:33 CEST 2023 ] Nowy wątek o nazwie Thread-0 został utworzony.
[INFO] database: [ Mon Jul 17 16:56:34 CEST 2023 ] Administrator o e-mailu: admin@wp.pl zalogował się.
[INFO] ServerGUI: [ Mon Jul 17 16:56:34 CEST 2023 ] Nowy wątek o nazwie Thread-2 został utworzony.
[INFO] ServerGUI: [ Mon Jul 17 16:56:34 CEST 2023 ] Nowy wątek o nazwie Thread-3 został utworzony.
[INFO] ServerGUI: [ Mon Jul 17 16:56:42 CEST 2023 ] Nowy wątek o nazwie Thread-4 został utworzony.
[INFO] ServerGUI: [ Mon Jul 17 16:56:48 CEST 2023 ] Nowy wątek o nazwie Thread-5 został utworzony.
[INFO] database: [ Mon Jul 17 16:56:48 CEST 2023 ] Administrator o e-mailu: admin@wp.pl wylogował się.
[INFO] database: [ Mon Jul 17 16:56:51 CEST 2023 ] Wylogowano wszystkich z serwera.
[INFO] database: [ Mon Jul 17 16:56:51 CEST 2023 ] Wylogowano wszystkich z serwera.
[INFO] ServerGUI: [ Mon Jul 17 17:01:19 CEST 2023 ] Serwer został uruchomiony.
[INFO] ServerGUI: [ Mon Jul 17 17:01:31 CEST 2023 ] Nowy wątek o nazwie Thread-0 został utworzony.
[INFO] database: [ Mon Jul 17 17:01:31 CEST 2023 ] Administrator o e-mailu: admin@wp.pl zalogował się.
[INFO] ServerGUI: [ Mon Jul 17 17:01:31 CEST 2023 ] Nowy wątek o nazwie Thread-2 został utworzony.
[INFO] ServerGUI: [ Mon Jul 17 17:01:32 CEST 2023 ] Nowy wątek o nazwie Thread-3 został utworzony.
[INFO] ServerGUI: [ Mon Jul 17 17:01:33 CEST 2023 ] Nowy wątek o nazwie Thread-4 został utworzony.
[INFO] ServerGUI: [ Mon Jul 17 17:01:36 CEST 2023 ] Nowy wątek o nazwie Thread-5 został utworzony.
[INFO] database: [ Mon Jul 17 17:01:36 CEST 2023 ] Administrator o e-mailu: admin@wp.pl wylogował się.
[INFO] ServerGUI: [ Mon Jul 17 17:47:47 CEST 2023 ] Nowy wątek o nazwie Thread-6 został utworzony.
[INFO] database: [ Mon Jul 17 17:47:47 CEST 2023 ] Administrator o e-mailu: admin@wp.pl zalogował się.
[INFO] ServerGUI: [ Mon Jul 17 17:47:48 CEST 2023 ] Nowy wątek o nazwie Thread-7 został utworzony.
[INFO] ServerGUI: [ Mon Jul 17 17:47:48 CEST 2023 ] Nowy wątek o nazwie Thread-8 został utworzony.
[INFO] ServerGUI: [ Mon Jul 17 17:47:49 CEST 2023 ] Nowy wątek o nazwie Thread-9 został utworzony.
[INFO] ServerGUI: [ Mon Jul 17 17:47:50 CEST 2023 ] Nowy wątek o nazwie Thread-10 został utworzony.
[INFO] com.server.Database: [ Mon Jul 17 17:47:51 CEST 2023 ] Administrator zedytował dane klienta o ID: 73.
[INFO] ServerGUI: [ Mon Jul 17 17:47:56 CEST 2023 ] Nowy wątek o nazwie Thread-11 został utworzony.
[INFO] com.server.Database: [ Mon Jul 17 17:47:56 CEST 2023 ] Administrator zedytował dane klienta o ID: 73.
[INFO] ServerGUI: [ Mon Jul 17 17:47:59 CEST 2023 ] Nowy wątek o nazwie Thread-12 został utworzony.
[INFO] database: [ Mon Jul 17 17:47:59 CEST 2023 ] Klient o e-mailu: ola@wp.pl wylogował się.
[INFO] ServerGUI: [ Mon Jul 17 17:48:06 CEST 2023 ] Nowy wątek o nazwie Thread-13 został utworzony.
[INFO] database: [ Mon Jul 17 17:48:06 CEST 2023 ] Klient o e-mailu: julia@interia.pl zalogował się.
[INFO] ServerGUI: [ Mon Jul 17 17:48:07 CEST 2023 ] Nowy wątek o nazwie Thread-14 został utworzony.
[INFO] ServerGUI: [ Mon Jul 17 17:48:07 CEST 2023 ] Nowy wątek o nazwie Thread-15 został utworzony.
[INFO] ServerGUI: [ Mon Jul 17 17:48:07 CEST 2023 ] Nowy wątek o nazwie Thread-16 został utworzony.
[INFO] ServerGUI: [ Mon Jul 17 17:48:09 CEST 2023 ] Nowy wątek o nazwie Thread-17 został utworzony.
[INFO] ServerGUI: [ Mon Jul 17 17:48:18 CEST 2023 ] Nowy wątek o nazwie Thread-18 został utworzony.
[INFO] ServerGUI: [ Mon Jul 17 17:48:21 CEST 2023 ] Nowy wątek o nazwie Thread-19 został utworzony.
[INFO] database: [ Mon Jul 17 17:48:21 CEST 2023 ] Klient o e-mailu: julia@interia.pl wylogował się.
[INFO] ServerGUI: [ Mon Jul 17 17:56:37 CEST 2023 ] Nowy wątek o nazwie Thread-20 został utworzony.
[INFO] database: [ Mon Jul 17 17:56:37 CEST 2023 ] Klient o e-mailu: julia@interia.pl zalogował się.
[INFO] ServerGUI: [ Mon Jul 17 17:56:37 CEST 2023 ] Nowy wątek o nazwie Thread-21 został utworzony.
[INFO] ServerGUI: [ Mon Jul 17 17:56:37 CEST 2023 ] Nowy wątek o nazwie Thread-22 został utworzony.
[INFO] ServerGUI: [ Mon Jul 17 17:56:37 CEST 2023 ] Nowy wątek o nazwie Thread-23 został utworzony.
[INFO] ServerGUI: [ Mon Jul 17 17:56:39 CEST 2023 ] Nowy wątek o nazwie Thread-24 został utworzony.
[INFO] ServerGUI: [ Mon Jul 17 17:57:33 CEST 2023 ] Nowy wątek o nazwie Thread-25 został utworzony.
[INFO] database: [ Mon Jul 17 17:57:33 CEST 2023 ] Nieudana próba logowania na konto użytkownika o e-mailu: julia@interia.pl.
[INFO] ServerGUI: [ Mon Jul 17 17:58:02 CEST 2023 ] Nowy wątek o nazwie Thread-26 został utworzony.
[INFO] database: [ Mon Jul 17 17:58:02 CEST 2023 ] Nieudana próba logowania na konto użytkownika o e-mailu: julia@interia.pl.
[INFO] ServerGUI: [ Mon Jul 17 17:58:18 CEST 2023 ] Nowy wątek o nazwie Thread-27 został utworzony.
[INFO] database: [ Mon Jul 17 17:58:18 CEST 2023 ] Nieudana próba logowania na konto użytkownika o e-mailu: julia@interia.pl.
[INFO] ServerGUI: [ Mon Jul 17 17:58:32 CEST 2023 ] Serwer został uruchomiony.
[INFO] ServerGUI: [ Mon Jul 17 17:58:44 CEST 2023 ] Nowy wątek o nazwie Thread-0 został utworzony.
[INFO] database: [ Mon Jul 17 17:58:45 CEST 2023 ] Nieudana próba logowania na konto użytkownika o e-mailu: julia@interia.pl.
[INFO] ServerGUI: [ Mon Jul 17 17:59:45 CEST 2023 ] Nowy wątek o nazwie Thread-2 został utworzony.
[INFO] database: [ Mon Jul 17 17:59:45 CEST 2023 ] Nieudana próba logowania na konto użytkownika o e-mailu: julia@interia.pl.
[INFO] ServerGUI: [ Mon Jul 17 17:59:53 CEST 2023 ] Nowy wątek o nazwie Thread-3 został utworzony.
[INFO] database: [ Mon Jul 17 17:59:53 CEST 2023 ] Nieudana próba logowania na konto użytkownika o e-mailu: admin@wp.pl.
[INFO] ServerGUI: [ Mon Jul 17 18:00:26 CEST 2023 ] Serwer został uruchomiony.
[INFO] ServerGUI: [ Mon Jul 17 18:00:40 CEST 2023 ] Nowy wątek o nazwie Thread-0 został utworzony.
[INFO] database: [ Mon Jul 17 18:00:40 CEST 2023 ] Nieudana próba logowania na konto użytkownika o e-mailu: julia@interia.pl.
[INFO] com.server.Database: [ Mon Jul 17 18:06:13 CEST 2023 ] Administrator zedytował dane klienta o ID: 74.
[INFO] com.server.Database: [ Mon Jul 17 18:06:14 CEST 2023 ] Administrator zedytował dane klienta o ID: 74.
[INFO] database: [ Mon Jul 17 18:06:14 CEST 2023 ] Administrator zedytował dane wycieczki o ID: 19.
[INFO] database: [ Mon Jul 17 18:06:14 CEST 2023 ] Administrator zedytował dane wycieczki o ID: 19.
[INFO] database: [ Mon Jul 17 18:06:14 CEST 2023 ] Administrator dodał wycieczkę do : Gruzja.
[INFO] database: [ Mon Jul 17 18:06:14 CEST 2023 ] Administrator usunął wycieczkę o ID: 61.
[INFO] database: [ Mon Jul 17 18:06:14 CEST 2023 ] Klient o e-mailu: jan@wp.pl zalogował się.
[INFO] database: [ Mon Jul 17 18:06:14 CEST 2023 ] Klient o e-mailu: jan@wp.pl wylogował się.
[INFO] database: [ Mon Jul 17 18:06:14 CEST 2023 ] Administrator dodał klienta o emailu: jacek@wp.pl.
[INFO] database: [ Mon Jul 17 18:06:14 CEST 2023 ] Administrator usunął klienta o ID: 131.
[INFO] database: [ Mon Jul 17 18:06:14 CEST 2023 ] Klient o e-mailu: jan@wp.pl wylogował się.
[INFO] database: [ Mon Jul 17 18:06:14 CEST 2023 ] Wylogowano wszystkich z serwera.
[INFO] database: [ Mon Jul 17 18:06:15 CEST 2023 ] Administrator dodał rezerwację wycieczki o ID: 19.
[INFO] database: [ Mon Jul 17 18:06:15 CEST 2023 ] Administrator usunął rezerwację o ID: 81.
[INFO] ServerGUI: [ Mon Jul 17 18:06:28 CEST 2023 ] Serwer został uruchomiony.
[INFO] ServerGUI: [ Mon Jul 17 18:06:40 CEST 2023 ] Nowy wątek o nazwie Thread-0 został utworzony.
[INFO] database: [ Mon Jul 17 18:06:41 CEST 2023 ] Administrator o e-mailu: admin@wp.pl zalogował się.
[INFO] ServerGUI: [ Mon Jul 17 18:06:41 CEST 2023 ] Nowy wątek o nazwie Thread-2 został utworzony.
[INFO] ServerGUI: [ Mon Jul 17 18:06:41 CEST 2023 ] Nowy wątek o nazwie Thread-3 został utworzony.
[INFO] ServerGUI: [ Mon Jul 17 18:06:56 CEST 2023 ] Nowy wątek o nazwie Thread-4 został utworzony.
[INFO] ServerGUI: [ Mon Jul 17 18:07:07 CEST 2023 ] Nowy wątek o nazwie Thread-5 został utworzony.
[INFO] ServerGUI: [ Mon Jul 17 18:07:18 CEST 2023 ] Nowy wątek o nazwie Thread-6 został utworzony.
[INFO] ServerGUI: [ Mon Jul 17 18:07:29 CEST 2023 ] Nowy wątek o nazwie Thread-7 został utworzony.
[INFO] database: [ Mon Jul 17 18:07:29 CEST 2023 ] Administrator o e-mailu: admin@wp.pl wylogował się.
[INFO] ServerGUI: [ Mon Jul 17 18:08:19 CEST 2023 ] Nowy wątek o nazwie Thread-8 został utworzony.
[INFO] database: [ Mon Jul 17 18:08:19 CEST 2023 ] Klient o e-mailu: julia@interia.pl zalogował się.
[INFO] ServerGUI: [ Mon Jul 17 18:08:19 CEST 2023 ] Nowy wątek o nazwie Thread-9 został utworzony.
[INFO] ServerGUI: [ Mon Jul 17 18:08:19 CEST 2023 ] Nowy wątek o nazwie Thread-10 został utworzony.
[INFO] ServerGUI: [ Mon Jul 17 18:08:19 CEST 2023 ] Nowy wątek o nazwie Thread-11 został utworzony.
[INFO] ServerGUI: [ Mon Jul 17 18:08:29 CEST 2023 ] Nowy wątek o nazwie Thread-12 został utworzony.
[INFO] ServerGUI: [ Mon Jul 17 18:08:39 CEST 2023 ] Nowy wątek o nazwie Thread-13 został utworzony.
[INFO] database: [ Mon Jul 17 18:08:39 CEST 2023 ] Klient o e-mailu: julia@interia.pl wylogował się.
[INFO] ServerGUI: [ Mon Jul 17 18:08:46 CEST 2023 ] Nowy wątek o nazwie Thread-14 został utworzony.
[INFO] database: [ Mon Jul 17 18:08:46 CEST 2023 ] Klient o e-mailu: julia@interia.pl zalogował się.
[INFO] ServerGUI: [ Mon Jul 17 18:08:46 CEST 2023 ] Nowy wątek o nazwie Thread-15 został utworzony.
[INFO] ServerGUI: [ Mon Jul 17 18:08:46 CEST 2023 ] Nowy wątek o nazwie Thread-16 został utworzony.
[INFO] ServerGUI: [ Mon Jul 17 18:08:46 CEST 2023 ] Nowy wątek o nazwie Thread-17 został utworzony.
[INFO] ServerGUI: [ Mon Jul 17 18:08:48 CEST 2023 ] Nowy wątek o nazwie Thread-18 został utworzony.
[INFO] ServerGUI: [ Mon Jul 17 18:08:51 CEST 2023 ] Nowy wątek o nazwie Thread-19 został utworzony.
[INFO] com.server.Database: [ Mon Jul 17 18:08:51 CEST 2023 ] Klient o ID: 1 zedytował swoje dane.
[INFO] ServerGUI: [ Mon Jul 17 18:08:51 CEST 2023 ] Nowy wątek o nazwie Thread-20 został utworzony.
[INFO] ServerGUI: [ Mon Jul 17 18:08:53 CEST 2023 ] Nowy wątek o nazwie Thread-21 został utworzony.
[INFO] database: [ Mon Jul 17 18:08:53 CEST 2023 ] Klient o e-mailu: julia@interia.pl wylogował się.
[INFO] ServerGUI: [ Mon Jul 17 18:09:50 CEST 2023 ] Nowy wątek o nazwie Thread-22 został utworzony.
[INFO] database: [ Mon Jul 17 18:09:50 CEST 2023 ] Nieudana próba logowania na konto użytkownika o e-mailu: julia@interia.pl.
[INFO] ServerGUI: [ Mon Jul 17 18:09:52 CEST 2023 ] Nowy wątek o nazwie Thread-23 został utworzony.
[INFO] database: [ Mon Jul 17 18:09:52 CEST 2023 ] Klient o e-mailu: julia@interia.pl zalogował się.
[INFO] ServerGUI: [ Mon Jul 17 18:09:52 CEST 2023 ] Nowy wątek o nazwie Thread-24 został utworzony.
[INFO] ServerGUI: [ Mon Jul 17 18:09:52 CEST 2023 ] Nowy wątek o nazwie Thread-25 został utworzony.
[INFO] ServerGUI: [ Mon Jul 17 18:09:52 CEST 2023 ] Nowy wątek o nazwie Thread-26 został utworzony.
[INFO] ServerGUI: [ Mon Jul 17 18:09:53 CEST 2023 ] Nowy wątek o nazwie Thread-27 został utworzony.
[INFO] ServerGUI: [ Mon Jul 17 18:09:59 CEST 2023 ] Nowy wątek o nazwie Thread-28 został utworzony.
[INFO] com.server.Database: [ Mon Jul 17 18:09:59 CEST 2023 ] Klient o ID: 1 zedytował swoje dane.
[INFO] ServerGUI: [ Mon Jul 17 18:09:59 CEST 2023 ] Nowy wątek o nazwie Thread-29 został utworzony.
[INFO] ServerGUI: [ Mon Jul 17 18:10:03 CEST 2023 ] Nowy wątek o nazwie Thread-30 został utworzony.
[INFO] com.server.Database: [ Mon Jul 17 18:10:03 CEST 2023 ] Klient o ID: 1 zedytował swoje dane.
[INFO] ServerGUI: [ Mon Jul 17 18:10:03 CEST 2023 ] Nowy wątek o nazwie Thread-31 został utworzony.
[INFO] ServerGUI: [ Mon Jul 17 18:10:05 CEST 2023 ] Nowy wątek o nazwie Thread-32 został utworzony.
[INFO] database: [ Mon Jul 17 18:10:05 CEST 2023 ] Klient o e-mailu: julia@interia.pl wylogował się.
[INFO] ServerGUI: [ Mon Jul 17 18:24:40 CEST 2023 ] Nowy wątek o nazwie Thread-33 został utworzony.
[INFO] database: [ Mon Jul 17 18:24:40 CEST 2023 ] Administrator o e-mailu: admin@wp.pl zalogował się.
[INFO] ServerGUI: [ Mon Jul 17 18:24:40 CEST 2023 ] Nowy wątek o nazwie Thread-34 został utworzony.
[INFO] ServerGUI: [ Mon Jul 17 18:24:40 CEST 2023 ] Nowy wątek o nazwie Thread-35 został utworzony.
[INFO] ServerGUI: [ Mon Jul 17 18:24:43 CEST 2023 ] Nowy wątek o nazwie Thread-36 został utworzony.
[INFO] ServerGUI: [ Mon Jul 17 18:24:46 CEST 2023 ] Nowy wątek o nazwie Thread-37 został utworzony.
[INFO] database: [ Mon Jul 17 18:24:46 CEST 2023 ] Administrator o e-mailu: admin@wp.pl wylogował się.
[INFO] ServerGUI: [ Mon Jul 17 18:40:21 CEST 2023 ] Nowy wątek o nazwie Thread-38 został utworzony.
[INFO] database: [ Mon Jul 17 18:40:21 CEST 2023 ] Administrator o e-mailu: admin@wp.pl zalogował się.
[INFO] ServerGUI: [ Mon Jul 17 18:40:21 CEST 2023 ] Nowy wątek o nazwie Thread-39 został utworzony.
[INFO] ServerGUI: [ Mon Jul 17 18:40:22 CEST 2023 ] Nowy wątek o nazwie Thread-40 został utworzony.
[INFO] ServerGUI: [ Mon Jul 17 18:40:23 CEST 2023 ] Nowy wątek o nazwie Thread-41 został utworzony.
[INFO] ServerGUI: [ Mon Jul 17 18:41:31 CEST 2023 ] Nowy wątek o nazwie Thread-42 został utworzony.
[INFO] database: [ Mon Jul 17 18:41:31 CEST 2023 ] Nieudana próba logowania na konto użytkownika o e-mailu: admin@wp.pl.
[INFO] database: [ Mon Jul 17 18:41:35 CEST 2023 ] Wylogowano wszystkich z serwera.
[INFO] database: [ Mon Jul 17 18:41:35 CEST 2023 ] Wylogowano wszystkich z serwera.
[INFO] ServerGUI: [ Mon Jul 17 18:41:40 CEST 2023 ] Serwer został uruchomiony.
[INFO] ServerGUI: [ Mon Jul 17 18:41:51 CEST 2023 ] Nowy wątek o nazwie Thread-0 został utworzony.
[INFO] database: [ Mon Jul 17 18:41:51 CEST 2023 ] Administrator o e-mailu: admin@wp.pl zalogował się.
[INFO] ServerGUI: [ Mon Jul 17 18:41:51 CEST 2023 ] Nowy wątek o nazwie Thread-2 został utworzony.
[INFO] ServerGUI: [ Mon Jul 17 18:41:51 CEST 2023 ] Nowy wątek o nazwie Thread-3 został utworzony.
[INFO] ServerGUI: [ Mon Jul 17 18:41:53 CEST 2023 ] Nowy wątek o nazwie Thread-4 został utworzony.
[INFO] ServerGUI: [ Mon Jul 17 18:41:55 CEST 2023 ] Nowy wątek o nazwie Thread-5 został utworzony.
[INFO] ServerGUI: [ Mon Jul 17 18:41:56 CEST 2023 ] Nowy wątek o nazwie Thread-6 został utworzony.
[INFO] ServerGUI: [ Mon Jul 17 18:42:02 CEST 2023 ] Nowy wątek o nazwie Thread-7 został utworzony.
[INFO] database: [ Mon Jul 17 18:42:02 CEST 2023 ] Administrator zedytował dane wycieczki o ID: 16.
[INFO] ServerGUI: [ Mon Jul 17 18:42:05 CEST 2023 ] Nowy wątek o nazwie Thread-8 został utworzony.
[INFO] database: [ Mon Jul 17 18:42:05 CEST 2023 ] Administrator zedytował dane wycieczki o ID: 15.
[INFO] ServerGUI: [ Mon Jul 17 18:42:09 CEST 2023 ] Nowy wątek o nazwie Thread-9 został utworzony.
[INFO] database: [ Mon Jul 17 18:42:09 CEST 2023 ] Administrator zedytował dane wycieczki o ID: 15.
[INFO] ServerGUI: [ Mon Jul 17 18:42:09 CEST 2023 ] Nowy wątek o nazwie Thread-10 został utworzony.
[INFO] ServerGUI: [ Mon Jul 17 18:42:09 CEST 2023 ] Nowy wątek o nazwie Thread-11 został utworzony.
[INFO] ServerGUI: [ Mon Jul 17 18:42:10 CEST 2023 ] Nowy wątek o nazwie Thread-12 został utworzony.
[INFO] ServerGUI: [ Mon Jul 17 18:42:14 CEST 2023 ] Nowy wątek o nazwie Thread-13 został utworzony.
[INFO] database: [ Mon Jul 17 18:42:14 CEST 2023 ] Administrator zedytował dane wycieczki o ID: 15.
[INFO] ServerGUI: [ Mon Jul 17 18:42:15 CEST 2023 ] Nowy wątek o nazwie Thread-14 został utworzony.
[INFO] ServerGUI: [ Mon Jul 17 18:42:15 CEST 2023 ] Nowy wątek o nazwie Thread-15 został utworzony.
[INFO] ServerGUI: [ Mon Jul 17 18:42:16 CEST 2023 ] Nowy wątek o nazwie Thread-16 został utworzony.
[INFO] ServerGUI: [ Mon Jul 17 18:42:18 CEST 2023 ] Nowy wątek o nazwie Thread-17 został utworzony.
[INFO] database: [ Mon Jul 17 18:42:18 CEST 2023 ] Administrator o e-mailu: admin@wp.pl wylogował się.
[INFO] ServerGUI: [ Mon Jul 17 18:53:08 CEST 2023 ] Nowy wątek o nazwie Thread-18 został utworzony.
[ERROR] database: [ Mon Jul 17 18:53:08 CEST 2023 ] Index 1 out of bounds for length 1
[INFO] ServerGUI: [ Mon Jul 17 18:56:48 CEST 2023 ] Nowy wątek o nazwie Thread-19 został utworzony.
[ERROR] database: [ Mon Jul 17 18:56:48 CEST 2023 ] Index 1 out of bounds for length 1
[INFO] database: [ Mon Jul 17 19:07:29 CEST 2023 ] Wylogowano wszystkich z serwera.
[INFO] database: [ Mon Jul 17 19:07:29 CEST 2023 ] Wylogowano wszystkich z serwera.
[INFO] ServerGUI: [ Mon Jul 17 19:32:14 CEST 2023 ] Serwer został uruchomiony.
[INFO] ServerGUI: [ Mon Jul 17 19:32:29 CEST 2023 ] Nowy wątek o nazwie Thread-0 został utworzony.
[INFO] database: [ Mon Jul 17 19:32:29 CEST 2023 ] Klient o e-mailu: julia@interia.pl zalogował się.
[INFO] ServerGUI: [ Mon Jul 17 19:32:30 CEST 2023 ] Nowy wątek o nazwie Thread-2 został utworzony.
[INFO] ServerGUI: [ Mon Jul 17 19:32:30 CEST 2023 ] Nowy wątek o nazwie Thread-3 został utworzony.
[INFO] ServerGUI: [ Mon Jul 17 19:32:30 CEST 2023 ] Nowy wątek o nazwie Thread-4 został utworzony.
[INFO] ServerGUI: [ Mon Jul 17 19:32:34 CEST 2023 ] Nowy wątek o nazwie Thread-5 został utworzony.
[INFO] ServerGUI: [ Mon Jul 17 19:32:35 CEST 2023 ] Nowy wątek o nazwie Thread-6 został utworzony.
[INFO] ServerGUI: [ Mon Jul 17 19:32:35 CEST 2023 ] Nowy wątek o nazwie Thread-7 został utworzony.
[INFO] ServerGUI: [ Mon Jul 17 19:32:38 CEST 2023 ] Nowy wątek o nazwie Thread-8 został utworzony.
[INFO] ServerGUI: [ Mon Jul 17 19:32:38 CEST 2023 ] Nowy wątek o nazwie Thread-9 został utworzony.
[INFO] ServerGUI: [ Mon Jul 17 19:32:38 CEST 2023 ] Nowy wątek o nazwie Thread-10 został utworzony.
[INFO] ServerGUI: [ Mon Jul 17 19:32:49 CEST 2023 ] Nowy wątek o nazwie Thread-11 został utworzony.
[INFO] ServerGUI: [ Mon Jul 17 19:32:49 CEST 2023 ] Nowy wątek o nazwie Thread-12 został utworzony.
[INFO] ServerGUI: [ Mon Jul 17 19:32:49 CEST 2023 ] Nowy wątek o nazwie Thread-13 został utworzony.
[INFO] ServerGUI: [ Mon Jul 17 19:32:51 CEST 2023 ] Nowy wątek o nazwie Thread-14 został utworzony.
[INFO] database: [ Mon Jul 17 19:32:51 CEST 2023 ] Klient o e-mailu: julia@interia.pl wylogował się.
